2024-05-08 01:32:03 nohup: ignoring input
2024-05-08 01:32:04 /home/pi/Deltaroboter/Backend/GripperControl/gripperControl.py:20: RuntimeWarning: This channel is already in use, continuing anyway.  Use GPIO.setwarnings(False) to disable warnings.
2024-05-08 01:32:04   GPIO.setup(ParallelGripper, GPIO.OUT)
2024-05-08 01:32:04 /home/pi/Deltaroboter/Backend/GripperControl/gripperControl.py:25: RuntimeWarning: This channel is already in use, continuing anyway.  Use GPIO.setwarnings(False) to disable warnings.
2024-05-08 01:32:04   GPIO.setup(pin, GPIO.OUT)
2024-05-08 09:25:59 nohup: ignoring input
2024-05-08 09:31:33 nohup: ignoring input
2024-05-08 09:31:33 /home/pi/Deltaroboter/Backend/GripperControl/gripperControl.py:20: RuntimeWarning: This channel is already in use, continuing anyway.  Use GPIO.setwarnings(False) to disable warnings.
2024-05-08 09:31:33   GPIO.setup(ParallelGripper, GPIO.OUT)
2024-05-08 09:31:33 /home/pi/Deltaroboter/Backend/GripperControl/gripperControl.py:25: RuntimeWarning: This channel is already in use, continuing anyway.  Use GPIO.setwarnings(False) to disable warnings.
2024-05-08 09:31:33   GPIO.setup(pin, GPIO.OUT)
2024-05-08 09:34:55 nohup: ignoring input
2024-05-08 09:52:03 nohup: ignoring input
2024-05-08 09:52:03 /home/pi/Deltaroboter/Backend/GripperControl/gripperControl.py:20: RuntimeWarning: This channel is already in use, continuing anyway.  Use GPIO.setwarnings(False) to disable warnings.
2024-05-08 09:52:03   GPIO.setup(ParallelGripper, GPIO.OUT)
2024-05-08 09:52:03 /home/pi/Deltaroboter/Backend/GripperControl/gripperControl.py:25: RuntimeWarning: This channel is already in use, continuing anyway.  Use GPIO.setwarnings(False) to disable warnings.
2024-05-08 09:52:03   GPIO.setup(pin, GPIO.OUT)
2024-05-08 10:15:54 nohup: ignoring input
2024-05-08 10:15:54 /home/pi/Deltaroboter/Backend/GripperControl/gripperControl.py:20: RuntimeWarning: This channel is already in use, continuing anyway.  Use GPIO.setwarnings(False) to disable warnings.
2024-05-08 10:15:54   GPIO.setup(ParallelGripper, GPIO.OUT)
2024-05-08 10:15:54 /home/pi/Deltaroboter/Backend/GripperControl/gripperControl.py:25: RuntimeWarning: This channel is already in use, continuing anyway.  Use GPIO.setwarnings(False) to disable warnings.
2024-05-08 10:15:54   GPIO.setup(pin, GPIO.OUT)
2024-05-08 10:42:13 nohup: ignoring input
2024-05-08 10:44:40 nohup: ignoring input
2024-05-08 10:44:40 /home/pi/Deltaroboter/Backend/GripperControl/gripperControl.py:20: RuntimeWarning: This channel is already in use, continuing anyway.  Use GPIO.setwarnings(False) to disable warnings.
2024-05-08 10:44:40   GPIO.setup(ParallelGripper, GPIO.OUT)
2024-05-08 10:44:40 /home/pi/Deltaroboter/Backend/GripperControl/gripperControl.py:25: RuntimeWarning: This channel is already in use, continuing anyway.  Use GPIO.setwarnings(False) to disable warnings.
2024-05-08 10:44:40   GPIO.setup(pin, GPIO.OUT)
2024-05-08 10:46:09 nohup: ignoring input
2024-05-08 10:46:09 /home/pi/Deltaroboter/Backend/GripperControl/gripperControl.py:20: RuntimeWarning: This channel is already in use, continuing anyway.  Use GPIO.setwarnings(False) to disable warnings.
2024-05-08 10:46:09   GPIO.setup(ParallelGripper, GPIO.OUT)
2024-05-08 10:46:09 /home/pi/Deltaroboter/Backend/GripperControl/gripperControl.py:25: RuntimeWarning: This channel is already in use, continuing anyway.  Use GPIO.setwarnings(False) to disable warnings.
2024-05-08 10:46:09   GPIO.setup(pin, GPIO.OUT)
2024-05-08 10:46:46 nohup: ignoring input
2024-05-08 10:46:47 /home/pi/Deltaroboter/Backend/GripperControl/gripperControl.py:20: RuntimeWarning: This channel is already in use, continuing anyway.  Use GPIO.setwarnings(False) to disable warnings.
2024-05-08 10:46:47   GPIO.setup(ParallelGripper, GPIO.OUT)
2024-05-08 10:46:47 /home/pi/Deltaroboter/Backend/GripperControl/gripperControl.py:25: RuntimeWarning: This channel is already in use, continuing anyway.  Use GPIO.setwarnings(False) to disable warnings.
2024-05-08 10:46:47   GPIO.setup(pin, GPIO.OUT)
2024-05-08 11:01:39 nohup: ignoring input
2024-05-08 11:03:20 nohup: ignoring input
2024-05-08 11:03:21 /home/pi/Deltaroboter2/Backend/GripperControl/gripperControl.py:20: RuntimeWarning: This channel is already in use, continuing anyway.  Use GPIO.setwarnings(False) to disable warnings.
2024-05-08 11:03:21   GPIO.setup(ParallelGripper, GPIO.OUT)
2024-05-08 11:03:21 /home/pi/Deltaroboter2/Backend/GripperControl/gripperControl.py:25: RuntimeWarning: This channel is already in use, continuing anyway.  Use GPIO.setwarnings(False) to disable warnings.
2024-05-08 11:03:21   GPIO.setup(pin, GPIO.OUT)
2024-05-08 11:18:49 nohup: ignoring input
2024-05-08 11:18:49 /home/pi/Deltaroboter2/Backend/GripperControl/gripperControl.py:20: RuntimeWarning: This channel is already in use, continuing anyway.  Use GPIO.setwarnings(False) to disable warnings.
2024-05-08 11:18:49   GPIO.setup(ParallelGripper, GPIO.OUT)
2024-05-08 11:18:49 /home/pi/Deltaroboter2/Backend/GripperControl/gripperControl.py:25: RuntimeWarning: This channel is already in use, continuing anyway.  Use GPIO.setwarnings(False) to disable warnings.
2024-05-08 11:18:49   GPIO.setup(pin, GPIO.OUT)
