2024-05-09 17:36:44 nohup: ignoring input
INFO:root:2024-05-09 17:36:45 Connected with result code 0
INFO:root:2024-05-09 17:36:45 Cleaning up resources...
INFO:root:2024-05-09 17:36:45 Shutdown complete.
INFO:root:2024-05-09 17:36:45 Cleaning up resources...
2024-05-09 17:37:07 nohup: ignoring input
INFO:root:2024-05-09 17:37:08 Connected with result code 0
INFO:root:2024-05-09 17:37:08 Cleaning up resources...
INFO:root:2024-05-09 17:37:08 Shutdown complete.
2024-05-09 17:37:21 nohup: ignoring input
INFO:root:2024-05-09 17:37:22 Connected with result code 0
INFO:root:2024-05-09 17:37:22 Cleaning up resources...
INFO:root:2024-05-09 17:37:22 Shutdown complete.
2024-05-09 17:37:35 nohup: ignoring input
INFO:root:2024-05-09 17:37:35 Connected with result code 0
INFO:root:2024-05-09 17:37:35 Cleaning up resources...
INFO:root:2024-05-09 17:37:35 Shutdown complete.
2024-05-09 17:39:21 nohup: ignoring input
INFO:root:2024-05-09 17:39:22 Connected with result code 0
INFO:root:2024-05-09 17:39:22 Cleaning up resources...
INFO:root:2024-05-09 17:39:22 Shutdown complete.
2024-05-09 17:39:34 nohup: ignoring input
INFO:root:2024-05-09 17:39:34 Connected with result code 0
INFO:root:2024-05-09 17:39:34 Cleaning up resources...
INFO:root:2024-05-09 17:39:34 Shutdown complete.
2024-05-09 17:40:11 nohup: ignoring input
INFO:root:2024-05-09 17:40:12 Connected with result code 0
INFO:root:2024-05-09 17:40:12 Cleaning up resources...
INFO:root:2024-05-09 17:40:12 Shutdown complete.
2024-05-09 17:46:07 nohup: ignoring input
INFO:root:2024-05-09 17:46:07 Connected with result code 0
INFO:root:2024-05-09 17:46:07 Cleaning up resources...
INFO:root:2024-05-09 17:46:07 Shutdown complete.
2024-05-09 17:49:49 nohup: ignoring input
INFO:root:2024-05-09 17:49:49 Connected with result code 0
INFO:root:2024-05-09 17:49:49 Cleaning up resources...
INFO:root:2024-05-09 17:49:49 Shutdown complete.
2024-05-09 17:50:11 nohup: ignoring input
INFO:root:2024-05-09 17:50:11 Connected with result code 0
INFO:root:2024-05-09 17:50:11 Cleaning up resources...
INFO:root:2024-05-09 17:50:11 Shutdown complete.
2024-05-09 17:58:29 nohup: ignoring input
INFO:root:2024-05-09 17:58:30 Connected with result code 0
INFO:root:2024-05-09 17:58:30 Cleaning up resources...
INFO:root:2024-05-09 17:58:30 Shutdown complete.
2024-05-09 18:00:13 nohup: ignoring input
INFO:root:2024-05-09 18:00:13 Connected with result code 0
INFO:root:2024-05-09 18:00:13 Cleaning up resources...
INFO:root:2024-05-09 18:00:13 Shutdown complete.
2024-05-09 18:01:13 nohup: ignoring input
INFO:root:2024-05-09 18:01:13 Connected with result code 0
INFO:root:2024-05-09 18:01:13 Cleaning up resources...
INFO:root:2024-05-09 18:01:13 Shutdown complete.
2024-05-09 18:01:20 nohup: ignoring input
INFO:root:2024-05-09 18:01:21 Connected with result code 0
INFO:root:2024-05-09 18:01:21 Cleaning up resources...
INFO:root:2024-05-09 18:01:21 Shutdown complete.
2024-05-09 18:01:27 nohup: ignoring input
INFO:root:2024-05-09 18:01:27 Connected with result code 0
INFO:root:2024-05-09 18:01:27 Cleaning up resources...
INFO:root:2024-05-09 18:01:27 Shutdown complete.
2024-05-09 18:16:33 nohup: ignoring input
INFO:root:2024-05-09 18:16:33 Connected with result code 0
INFO:root:2024-05-09 18:16:33 Start homing
INFO:root:2024-05-09 18:16:33 Stop homing
INFO:root:2024-05-09 18:16:33 Stop homing
INFO:root:2024-05-09 18:16:33 Cleaning up resources...
INFO:root:2024-05-09 18:16:33 Shutdown complete.
2024-05-09 18:17:45 nohup: ignoring input
INFO:root:2024-05-09 18:17:46 Connected with result code 0
INFO:root:2024-05-09 18:17:46 Cleaning up resources...
INFO:root:2024-05-09 18:17:46 Shutdown complete.
2024-05-09 18:21:09 nohup: ignoring input
INFO:root:2024-05-09 18:21:09 Connected with result code 0
INFO:root:2024-05-09 18:21:09 Stop homing
INFO:root:2024-05-09 18:21:09 Stop homing
INFO:root:2024-05-09 18:21:09 Cleaning up resources...
INFO:root:2024-05-09 18:21:09 Shutdown complete.
2024-05-09 18:22:32 nohup: ignoring input
INFO:root:2024-05-09 18:22:32 Connected with result code 0
INFO:root:2024-05-09 18:22:32 Stop homing
INFO:root:2024-05-09 18:22:32 Stop homing
INFO:root:2024-05-09 18:22:32 Stop homing
INFO:root:2024-05-09 18:22:32 Stop homing
INFO:root:2024-05-09 18:22:32 Stop homing
INFO:root:2024-05-09 18:22:32 Stop homing
INFO:root:2024-05-09 18:22:32 Cleaning up resources...
INFO:root:2024-05-09 18:22:32 Shutdown complete.
2024-05-09 18:25:29 nohup: ignoring input
INFO:root:2024-05-09 18:25:29 Connected with result code 0
INFO:root:2024-05-09 18:25:29 Stop homing
INFO:root:2024-05-09 18:25:29 Stop homing
INFO:root:2024-05-09 18:25:29 Cleaning up resources...
INFO:root:2024-05-09 18:25:29 Shutdown complete.
2024-05-09 18:26:20 nohup: ignoring input
INFO:root:2024-05-09 18:26:20 Connected with result code 0
INFO:root:2024-05-09 18:26:20 Stop homing
INFO:root:2024-05-09 18:26:20 Stop homing
INFO:root:2024-05-09 18:26:20 Cleaning up resources...
INFO:root:2024-05-09 18:26:20 Shutdown complete.
2024-05-09 18:32:59 nohup: ignoring input
INFO:root:2024-05-09 18:32:59 Connected with result code 0
INFO:root:2024-05-09 18:32:59 Cleaning up resources...
INFO:root:2024-05-09 18:32:59 Shutdown complete.
2024-05-09 18:33:49 nohup: ignoring input
INFO:root:2024-05-09 18:33:49 Connected with result code 0
INFO:root:2024-05-09 18:33:49 Cleaning up resources...
INFO:root:2024-05-09 18:33:49 Shutdown complete.
2024-05-09 18:35:20 nohup: ignoring input
INFO:root:2024-05-09 18:35:20 Connected with result code 0
INFO:root:2024-05-09 18:35:20 Cleaning up resources...
INFO:root:2024-05-09 18:35:20 Shutdown complete.
2024-05-09 19:51:26 nohup: ignoring input
INFO:root:2024-05-09 19:51:26 Connected with result code 0
INFO:root:2024-05-09 19:51:26 Cleaning up resources...
INFO:root:2024-05-09 19:51:26 Shutdown complete.
2024-05-10 13:12:29 nohup: ignoring input
INFO:root:2024-05-10 13:12:30 Connected with result code 0
INFO:root:2024-05-10 13:12:30 Cleaning up resources...
INFO:root:2024-05-10 13:12:30 Shutdown complete.
2024-05-10 13:16:21 nohup: ignoring input
INFO:root:2024-05-10 13:16:21 Connected with result code 0
INFO:root:2024-05-10 13:16:21 Cleaning up resources...
INFO:root:2024-05-10 13:16:21 Shutdown complete.
2024-05-10 13:42:43 nohup: ignoring input
INFO:root:2024-05-10 13:42:43 Connected with result code 0
INFO:root:2024-05-10 13:42:43 Cleaning up resources...
INFO:root:2024-05-10 13:42:43 Shutdown complete.
2024-05-10 13:45:37 nohup: ignoring input
INFO:root:2024-05-10 13:45:37 Connected with result code 0
INFO:root:2024-05-10 13:45:37 Cleaning up resources...
INFO:root:2024-05-10 13:45:37 Shutdown complete.
2024-05-10 17:04:10 nohup: ignoring input
INFO:root:2024-05-10 17:04:11 Connected with result code 0
2024-05-10 17:28:18 nohup: ignoring input
INFO:root:2024-05-10 17:28:19 Connected with result code 0
INFO:root:2024-05-10 17:28:19 Cleaning up resources...
INFO:root:2024-05-10 17:28:19 Shutdown complete.
2024-05-10 17:30:18 nohup: ignoring input
INFO:root:2024-05-10 17:30:19 Connected with result code 0
INFO:root:2024-05-10 17:30:19 Cleaning up resources...
INFO:root:2024-05-10 17:30:19 Shutdown complete.
INFO:root:2024-05-10 17:04:11 Cleaning up resources...
INFO:root:2024-05-10 17:04:11 Shutdown complete.
2024-05-10 17:32:36 nohup: ignoring input
INFO:root:2024-05-10 17:32:37 Connected with result code 0
INFO:root:2024-05-10 17:32:37 Cleaning up resources...
INFO:root:2024-05-10 17:32:37 Shutdown complete.
2024-05-10 17:35:24 nohup: ignoring input
INFO:root:2024-05-10 17:35:24 Connected with result code 0
INFO:root:2024-05-10 17:35:24 Cleaning up resources...
INFO:root:2024-05-10 17:35:24 Shutdown complete.
2024-05-10 17:40:33 nohup: ignoring input
INFO:root:2024-05-10 17:40:33 Connected with result code 0
INFO:root:2024-05-10 17:40:33 Cleaning up resources...
INFO:root:2024-05-10 17:40:33 Shutdown complete.
2024-05-10 17:42:39 nohup: ignoring input
INFO:root:2024-05-10 17:42:39 Connected with result code 0
INFO:root:2024-05-10 17:42:39 Cleaning up resources...
INFO:root:2024-05-10 17:42:39 Shutdown complete.
2024-05-10 17:44:13 nohup: ignoring input
INFO:root:2024-05-10 17:44:14 Connected with result code 0
INFO:root:2024-05-10 17:44:14 Cleaning up resources...
INFO:root:2024-05-10 17:44:14 Shutdown complete.
2024-05-10 17:45:51 nohup: ignoring input
INFO:root:2024-05-10 17:45:51 Connected with result code 0
INFO:root:2024-05-10 17:45:51 Cleaning up resources...
INFO:root:2024-05-10 17:45:51 Shutdown complete.
2024-05-10 17:46:30 nohup: ignoring input
INFO:root:2024-05-10 17:46:31 Connected with result code 0
INFO:root:2024-05-10 17:46:31 Cleaning up resources...
INFO:root:2024-05-10 17:46:31 Shutdown complete.
2024-05-10 17:52:04 nohup: ignoring input
INFO:root:2024-05-10 17:52:05 Connected with result code 0
INFO:root:2024-05-10 17:52:05 Cleaning up resources...
INFO:root:2024-05-10 17:52:05 Shutdown complete.
2024-05-10 18:02:24 nohup: ignoring input
INFO:root:2024-05-10 18:02:24 Connected with result code 0
INFO:root:2024-05-10 18:02:24 Cleaning up resources...
INFO:root:2024-05-10 18:02:24 Shutdown complete.
