2024-05-09 01:32:53 nohup: ignoring input
2024-05-09 01:32:53 MotionPlaning online
2024-05-09 01:33:30 Connected
2024-05-09 01:33:30 Missing or invalid motion profile
2024-05-09 01:33:30 Missing or invalid motion profile
2024-05-09 01:33:30 Missing or invalid motion profile
2024-05-09 01:33:30 Missing or invalid motion profile
2024-05-09 01:33:30 Missing or invalid motion profile
2024-05-09 01:33:30 Missing or invalid motion profile
2024-05-09 01:33:30 Missing or invalid motion profile
2024-05-09 01:33:30 Missing or invalid motion profile
2024-05-09 01:33:30 Missing or invalid motion profile
2024-05-09 01:33:30 Missing or invalid motion profile
2024-05-09 01:33:30 Missing or invalid motion profile
2024-05-09 01:33:30 Missing or invalid motion profile
2024-05-09 01:33:58 Missing or invalid motion profile
2024-05-09 01:33:58 Missing or invalid motion profile
2024-05-09 01:33:58 Missing or invalid motion profile
2024-05-09 01:33:58 Missing or invalid motion profile
2024-05-09 01:33:58 Missing or invalid motion profile
2024-05-09 01:33:58 Missing or invalid motion profile
2024-05-09 01:33:58 Missing or invalid motion profile
2024-05-09 01:33:58 Missing or invalid motion profile
2024-05-09 01:33:58 Missing or invalid motion profile
2024-05-09 01:33:58 Missing or invalid motion profile
2024-05-09 01:33:58 Missing or invalid motion profile
2024-05-09 01:33:58 Missing or invalid motion profile
2024-05-09 01:34:09 Missing or invalid motion profile
2024-05-09 01:34:09 Missing or invalid motion profile
2024-05-09 01:34:09 Missing or invalid motion profile
2024-05-09 01:34:09 Missing or invalid motion profile
2024-05-09 01:34:09 Missing or invalid motion profile
2024-05-09 01:34:09 Missing or invalid motion profile
2024-05-09 01:34:09 Missing or invalid motion profile
2024-05-09 01:34:09 Missing or invalid motion profile
2024-05-09 01:34:09 Missing or invalid motion profile
2024-05-09 01:34:09 Missing or invalid motion profile
2024-05-09 01:34:09 Missing or invalid motion profile
2024-05-09 01:34:09 Missing or invalid motion profile
2024-05-09 01:34:28 Missing or invalid motion profile
2024-05-09 01:34:28 Missing or invalid motion profile
2024-05-09 01:34:28 Missing or invalid motion profile
2024-05-09 01:34:28 Missing or invalid motion profile
2024-05-09 01:34:28 Missing or invalid motion profile
2024-05-09 01:34:28 Missing or invalid motion profile
2024-05-09 01:34:28 Missing or invalid motion profile
2024-05-09 01:34:28 Missing or invalid motion profile
2024-05-09 01:34:28 Missing or invalid motion profile
2024-05-09 01:34:28 Missing or invalid motion profile
2024-05-09 01:34:28 Missing or invalid motion profile
2024-05-09 01:34:28 Missing or invalid motion profile
2024-05-09 01:35:01 Missing or invalid motion profile
2024-05-09 01:35:01 Missing or invalid motion profile
2024-05-09 01:35:01 Missing or invalid motion profile
2024-05-09 01:35:01 Missing or invalid motion profile
2024-05-09 01:35:01 Missing or invalid motion profile
2024-05-09 01:35:01 Missing or invalid motion profile
2024-05-09 01:35:01 Missing or invalid motion profile
2024-05-09 01:35:01 Missing or invalid motion profile
2024-05-09 01:35:01 Missing or invalid motion profile
2024-05-09 01:35:01 Missing or invalid motion profile
2024-05-09 01:35:01 Missing or invalid motion profile
2024-05-09 01:35:01 Missing or invalid motion profile
2024-05-09 01:35:34 Missing or invalid motion profile
2024-05-09 01:35:34 Missing or invalid motion profile
2024-05-09 01:35:34 Missing or invalid motion profile
2024-05-09 01:35:34 Missing or invalid motion profile
2024-05-09 01:35:34 Missing or invalid motion profile
2024-05-09 01:35:34 Missing or invalid motion profile
2024-05-09 01:35:34 Missing or invalid motion profile
2024-05-09 01:35:34 Missing or invalid motion profile
2024-05-09 01:35:34 Missing or invalid motion profile
2024-05-09 01:35:34 Missing or invalid motion profile
2024-05-09 01:35:34 Missing or invalid motion profile
2024-05-09 01:35:34 Missing or invalid motion profile
2024-05-09 01:36:15 Missing or invalid motion profile
2024-05-09 01:36:15 Missing or invalid motion profile
2024-05-09 01:36:15 Missing or invalid motion profile
2024-05-09 01:36:15 Missing or invalid motion profile
2024-05-09 01:36:15 Missing or invalid motion profile
2024-05-09 01:36:15 Missing or invalid motion profile
2024-05-09 01:36:15 Missing or invalid motion profile
2024-05-09 01:36:15 Missing or invalid motion profile
2024-05-09 01:36:15 Missing or invalid motion profile
2024-05-09 01:36:15 Missing or invalid motion profile
2024-05-09 01:36:15 Missing or invalid motion profile
2024-05-09 01:36:15 Missing or invalid motion profile
2024-05-09 01:36:52 Missing or invalid motion profile
2024-05-09 01:36:52 Missing or invalid motion profile
2024-05-09 01:36:52 Missing or invalid motion profile
2024-05-09 01:36:52 Missing or invalid motion profile
2024-05-09 01:36:52 Missing or invalid motion profile
2024-05-09 01:36:52 Missing or invalid motion profile
2024-05-09 01:36:52 Missing or invalid motion profile
2024-05-09 01:36:52 Missing or invalid motion profile
2024-05-09 01:36:52 Missing or invalid motion profile
2024-05-09 01:36:52 Missing or invalid motion profile
2024-05-09 01:36:52 Missing or invalid motion profile
2024-05-09 01:36:52 Missing or invalid motion profile
2024-05-09 01:38:50 nohup: ignoring input
2024-05-09 01:38:50 MotionPlaning online
2024-05-09 01:45:56 Connected
2024-05-09 01:45:56 Missing or invalid motion profile
2024-05-09 01:45:56 Missing or invalid motion profile
2024-05-09 01:45:56 Missing or invalid motion profile
2024-05-09 01:45:56 Missing or invalid motion profile
2024-05-09 01:45:56 Missing or invalid motion profile
2024-05-09 01:45:56 Missing or invalid motion profile
2024-05-09 01:45:56 Missing or invalid motion profile
2024-05-09 01:45:56 Missing or invalid motion profile
2024-05-09 01:45:56 Missing or invalid motion profile
2024-05-09 01:45:56 Missing or invalid motion profile
2024-05-09 01:45:56 Missing or invalid motion profile
2024-05-09 01:45:56 Missing or invalid motion profile
2024-05-09 01:48:33 Missing or invalid motion profile
2024-05-09 01:48:33 Missing or invalid motion profile
2024-05-09 01:48:33 Missing or invalid motion profile
2024-05-09 01:48:33 Missing or invalid motion profile
2024-05-09 01:48:33 Missing or invalid motion profile
2024-05-09 01:48:33 Missing or invalid motion profile
2024-05-09 01:48:33 Missing or invalid motion profile
2024-05-09 01:48:33 Missing or invalid motion profile
2024-05-09 01:48:33 Missing or invalid motion profile
2024-05-09 01:48:33 Missing or invalid motion profile
2024-05-09 01:48:33 Missing or invalid motion profile
2024-05-09 01:48:33 Missing or invalid motion profile
2024-05-09 01:59:18 Missing or invalid motion profile
2024-05-09 01:59:18 Missing or invalid motion profile
2024-05-09 01:59:18 Missing or invalid motion profile
2024-05-09 01:59:18 Missing or invalid motion profile
2024-05-09 01:59:18 Missing or invalid motion profile
2024-05-09 01:59:18 Missing or invalid motion profile
2024-05-09 01:59:18 Missing or invalid motion profile
2024-05-09 01:59:18 Missing or invalid motion profile
2024-05-09 01:59:18 Missing or invalid motion profile
2024-05-09 01:59:18 Missing or invalid motion profile
2024-05-09 01:59:18 Missing or invalid motion profile
2024-05-09 01:59:18 Missing or invalid motion profile
2024-05-09 01:59:20 Missing or invalid motion profile
2024-05-09 01:59:20 Missing or invalid motion profile
2024-05-09 01:59:20 Missing or invalid motion profile
2024-05-09 01:59:20 Missing or invalid motion profile
2024-05-09 01:59:20 Missing or invalid motion profile
2024-05-09 01:59:20 Missing or invalid motion profile
2024-05-09 02:05:53 Missing or invalid motion profile
2024-05-09 02:05:53 Missing or invalid motion profile
2024-05-09 02:05:53 Missing or invalid motion profile
2024-05-09 02:05:53 Missing or invalid motion profile
2024-05-09 02:05:53 Missing or invalid motion profile
2024-05-09 02:05:53 Missing or invalid motion profile
2024-05-09 02:05:53 Missing or invalid motion profile
2024-05-09 02:05:53 Missing or invalid motion profile
2024-05-09 02:05:53 Missing or invalid motion profile
2024-05-09 02:05:53 Missing or invalid motion profile
2024-05-09 02:05:53 Missing or invalid motion profile
2024-05-09 02:05:53 Missing or invalid motion profile
2024-05-09 02:05:55 Missing or invalid motion profile
2024-05-09 02:05:55 Missing or invalid motion profile
2024-05-09 02:05:55 Missing or invalid motion profile
2024-05-09 02:05:55 Missing or invalid motion profile
2024-05-09 02:05:55 Missing or invalid motion profile
2024-05-09 02:05:55 Missing or invalid motion profile
2024-05-09 02:06:39 Missing or invalid motion profile
2024-05-09 02:06:39 Missing or invalid motion profile
2024-05-09 02:06:39 Missing or invalid motion profile
2024-05-09 02:06:39 Missing or invalid motion profile
2024-05-09 02:06:39 Missing or invalid motion profile
2024-05-09 02:06:39 Missing or invalid motion profile
2024-05-09 02:06:39 Missing or invalid motion profile
2024-05-09 02:06:39 Missing or invalid motion profile
2024-05-09 02:06:39 Missing or invalid motion profile
2024-05-09 02:06:39 Missing or invalid motion profile
2024-05-09 02:06:39 Missing or invalid motion profile
2024-05-09 02:06:39 Missing or invalid motion profile
2024-05-09 02:06:41 Missing or invalid motion profile
2024-05-09 02:06:41 Missing or invalid motion profile
2024-05-09 02:06:41 Missing or invalid motion profile
2024-05-09 02:06:41 Missing or invalid motion profile
2024-05-09 02:06:41 Missing or invalid motion profile
2024-05-09 02:06:41 Missing or invalid motion profile
2024-05-09 02:07:02 Missing or invalid motion profile
2024-05-09 02:07:02 Missing or invalid motion profile
2024-05-09 02:07:02 Missing or invalid motion profile
2024-05-09 02:07:02 Missing or invalid motion profile
2024-05-09 02:07:02 Missing or invalid motion profile
2024-05-09 02:07:02 Missing or invalid motion profile
2024-05-09 02:07:02 Missing or invalid motion profile
2024-05-09 02:07:02 Missing or invalid motion profile
2024-05-09 02:07:02 Missing or invalid motion profile
2024-05-09 02:07:02 Missing or invalid motion profile
2024-05-09 02:07:02 Missing or invalid motion profile
2024-05-09 02:07:02 Missing or invalid motion profile
2024-05-09 02:07:04 Missing or invalid motion profile
2024-05-09 02:07:04 Missing or invalid motion profile
2024-05-09 02:07:04 Missing or invalid motion profile
2024-05-09 02:07:04 Missing or invalid motion profile
2024-05-09 02:07:04 Missing or invalid motion profile
2024-05-09 02:07:04 Missing or invalid motion profile
2024-05-09 02:16:40 Missing or invalid motion profile
2024-05-09 02:16:40 Missing or invalid motion profile
2024-05-09 02:16:40 Missing or invalid motion profile
2024-05-09 02:16:40 Missing or invalid motion profile
2024-05-09 02:16:40 Missing or invalid motion profile
2024-05-09 02:16:40 Missing or invalid motion profile
2024-05-09 02:16:40 Missing or invalid motion profile
2024-05-09 02:16:40 Missing or invalid motion profile
2024-05-09 02:16:40 Missing or invalid motion profile
2024-05-09 02:16:40 Missing or invalid motion profile
2024-05-09 02:16:40 Missing or invalid motion profile
2024-05-09 02:16:40 Missing or invalid motion profile
2024-05-09 02:16:50 nohup: ignoring input
2024-05-09 02:16:50 MotionPlaning online
2024-05-09 02:17:15 Connected
2024-05-09 02:17:15 Missing or invalid motion profile
2024-05-09 02:17:15 Missing or invalid motion profile
2024-05-09 02:17:15 Missing or invalid motion profile
2024-05-09 02:17:15 Missing or invalid motion profile
2024-05-09 02:17:15 Missing or invalid motion profile
2024-05-09 02:17:15 Missing or invalid motion profile
2024-05-09 02:17:22 Missing or invalid motion profile
2024-05-09 02:17:22 Missing or invalid motion profile
2024-05-09 02:17:22 Missing or invalid motion profile
2024-05-09 02:17:22 Missing or invalid motion profile
2024-05-09 02:17:22 Missing or invalid motion profile
2024-05-09 02:17:22 Missing or invalid motion profile
2024-05-09 02:17:24 Missing or invalid motion profile
2024-05-09 02:17:24 Missing or invalid motion profile
2024-05-09 02:17:24 Missing or invalid motion profile
2024-05-09 02:17:24 Missing or invalid motion profile
2024-05-09 02:17:24 Missing or invalid motion profile
2024-05-09 02:17:24 Missing or invalid motion profile
2024-05-09 02:18:27 nohup: ignoring input
2024-05-09 02:18:27 MotionPlaning online
2024-05-09 02:18:31 Connected
2024-05-09 02:18:31 Missing or invalid motion profile
2024-05-09 02:18:31 Missing or invalid motion profile
2024-05-09 02:18:31 Missing or invalid motion profile
2024-05-09 02:18:31 Missing or invalid motion profile
2024-05-09 02:18:31 Missing or invalid motion profile
2024-05-09 02:18:31 Missing or invalid motion profile
2024-05-09 02:18:33 Missing or invalid motion profile
2024-05-09 02:18:33 Missing or invalid motion profile
2024-05-09 02:18:33 Missing or invalid motion profile
2024-05-09 02:18:33 Missing or invalid motion profile
2024-05-09 02:18:33 Missing or invalid motion profile
2024-05-09 02:18:33 Missing or invalid motion profile
2024-05-09 02:18:37 Missing or invalid motion profile
2024-05-09 02:18:37 Missing or invalid motion profile
2024-05-09 02:18:37 Missing or invalid motion profile
2024-05-09 02:18:37 Missing or invalid motion profile
2024-05-09 02:18:37 Missing or invalid motion profile
2024-05-09 02:18:37 Missing or invalid motion profile
2024-05-09 02:18:39 Missing or invalid motion profile
2024-05-09 02:18:39 Missing or invalid motion profile
2024-05-09 02:18:39 Missing or invalid motion profile
2024-05-09 02:18:39 Missing or invalid motion profile
2024-05-09 02:18:39 Missing or invalid motion profile
2024-05-09 02:18:39 Missing or invalid motion profile
2024-05-09 02:19:33 Missing or invalid motion profile
2024-05-09 02:19:33 Missing or invalid motion profile
2024-05-09 02:19:33 Missing or invalid motion profile
2024-05-09 02:19:33 Missing or invalid motion profile
2024-05-09 02:19:33 Missing or invalid motion profile
2024-05-09 02:19:33 Missing or invalid motion profile
2024-05-09 02:20:01 Lade Program: Kreuz.gcodeProgramm wird ausgeführt. 
2024-05-09 02:20:01 Missing or invalid motion profile
2024-05-09 02:20:01 Missing or invalid motion profile
2024-05-09 02:20:01 Missing or invalid motion profile
2024-05-09 02:20:01 Missing or invalid motion profile
2024-05-09 02:20:01 Missing or invalid motion profile
2024-05-09 02:20:01 Missing or invalid motion profile
2024-05-09 02:20:01 Missing or invalid motion profile
2024-05-09 02:20:01 Missing or invalid motion profile
2024-05-09 02:20:01 Missing or invalid motion profile
2024-05-09 02:20:01 Missing or invalid motion profile
2024-05-09 02:20:01 Missing or invalid motion profile
2024-05-09 02:20:02 Missing or invalid motion profile
2024-05-09 02:20:02 Missing or invalid motion profile
2024-05-09 02:20:02 Missing or invalid motion profile
2024-05-09 02:20:02 Missing or invalid motion profile
2024-05-09 02:20:02 Missing or invalid motion profile
2024-05-09 02:20:02 Missing or invalid motion profile
2024-05-09 02:20:02 Missing or invalid motion profile
2024-05-09 02:20:03 Missing or invalid motion profile
2024-05-09 02:20:03 Missing or invalid motion profile
2024-05-09 02:20:03 Missing or invalid motion profile
2024-05-09 02:20:03 Missing or invalid motion profile
2024-05-09 02:20:03 Missing or invalid motion profile
2024-05-09 02:20:03 Missing or invalid motion profile
2024-05-09 02:20:03 Missing or invalid motion profile
2024-05-09 02:20:03 Missing or invalid motion profile
2024-05-09 02:20:03 Missing or invalid motion profile
2024-05-09 02:20:03 Missing or invalid motion profile
2024-05-09 02:20:03 Missing or invalid motion profile
2024-05-09 02:20:03 Missing or invalid motion profile
2024-05-09 02:20:08 Missing or invalid motion profile
2024-05-09 02:20:08 Missing or invalid motion profile
2024-05-09 02:20:08 Missing or invalid motion profile
2024-05-09 02:20:08 Missing or invalid motion profile
2024-05-09 02:20:08 Missing or invalid motion profile
2024-05-09 02:20:08 Missing or invalid motion profile
2024-05-09 02:20:08 Missing or invalid motion profile
2024-05-09 02:20:08 Missing or invalid motion profile
2024-05-09 02:20:08 Missing or invalid motion profile
2024-05-09 02:20:08 Missing or invalid motion profile
2024-05-09 02:20:08 Missing or invalid motion profile
2024-05-09 02:20:08 Missing or invalid motion profile
2024-05-09 02:20:10 Missing or invalid motion profile
2024-05-09 02:20:10 Missing or invalid motion profile
2024-05-09 02:20:10 Missing or invalid motion profile
2024-05-09 02:20:10 Missing or invalid motion profile
2024-05-09 02:20:10 Missing or invalid motion profile
2024-05-09 02:20:10 Missing or invalid motion profile
2024-05-09 02:20:26 Lade Program: Kreuz.gcodeProgramm wird ausgeführt. 
2024-05-09 02:20:26 Missing or invalid motion profile
2024-05-09 02:20:26 Missing or invalid motion profile
2024-05-09 02:20:26 Missing or invalid motion profile
2024-05-09 02:20:26 Missing or invalid motion profile
2024-05-09 02:20:26 Missing or invalid motion profile
2024-05-09 02:20:26 Missing or invalid motion profile
2024-05-09 02:20:26 Missing or invalid motion profile
2024-05-09 02:20:26 Missing or invalid motion profile
2024-05-09 02:20:26 Missing or invalid motion profile
2024-05-09 02:20:26 Missing or invalid motion profile
2024-05-09 02:20:26 Missing or invalid motion profile
2024-05-09 02:20:26 Missing or invalid motion profile
2024-05-09 02:20:27 Missing or invalid motion profile
2024-05-09 02:20:27 Missing or invalid motion profile
2024-05-09 02:20:27 Missing or invalid motion profile
2024-05-09 02:20:27 Missing or invalid motion profile
2024-05-09 02:20:27 Missing or invalid motion profile
2024-05-09 02:20:27 Missing or invalid motion profile
2024-05-09 02:20:28 Missing or invalid motion profile
2024-05-09 02:20:28 Missing or invalid motion profile
2024-05-09 02:20:28 Missing or invalid motion profile
2024-05-09 02:20:28 Missing or invalid motion profile
2024-05-09 02:20:28 Missing or invalid motion profile
2024-05-09 02:20:28 Missing or invalid motion profile
2024-05-09 02:20:28 Missing or invalid motion profile
2024-05-09 02:20:28 Missing or invalid motion profile
2024-05-09 02:20:28 Missing or invalid motion profile
2024-05-09 02:20:28 Missing or invalid motion profile
2024-05-09 02:20:28 Missing or invalid motion profile
2024-05-09 02:20:28 Missing or invalid motion profile
2024-05-09 02:20:40 Missing or invalid motion profile
2024-05-09 02:20:40 Missing or invalid motion profile
2024-05-09 02:20:40 Missing or invalid motion profile
2024-05-09 02:20:40 Missing or invalid motion profile
2024-05-09 02:20:40 Missing or invalid motion profile
2024-05-09 02:20:40 Missing or invalid motion profile
2024-05-09 02:20:40 Missing or invalid motion profile
2024-05-09 02:20:40 Missing or invalid motion profile
2024-05-09 02:20:40 Missing or invalid motion profile
2024-05-09 02:20:40 Missing or invalid motion profile
2024-05-09 02:20:40 Missing or invalid motion profile
2024-05-09 02:20:40 Missing or invalid motion profile
2024-05-09 02:21:05 nohup: ignoring input
2024-05-09 02:21:05 MotionPlaning online
2024-05-09 02:21:24 Connected
2024-05-09 02:21:24 Missing or invalid motion profile
2024-05-09 02:21:24 Missing or invalid motion profile
2024-05-09 02:21:24 Missing or invalid motion profile
2024-05-09 02:21:24 Missing or invalid motion profile
2024-05-09 02:21:24 Missing or invalid motion profile
2024-05-09 02:21:24 Missing or invalid motion profile
2024-05-09 02:21:48 Lade Program: Kreuz.gcodeProgramm wird ausgeführt. 
2024-05-09 02:21:48 Missing or invalid motion profile
2024-05-09 02:21:48 Missing or invalid motion profile
2024-05-09 02:21:48 Missing or invalid motion profile
2024-05-09 02:21:48 Missing or invalid motion profile
2024-05-09 02:21:48 Missing or invalid motion profile
2024-05-09 02:21:48 Missing or invalid motion profile
2024-05-09 02:21:48 Missing or invalid motion profile
2024-05-09 02:21:48 Missing or invalid motion profile
2024-05-09 02:21:48 Missing or invalid motion profile
2024-05-09 02:21:48 Missing or invalid motion profile
2024-05-09 02:21:48 Missing or invalid motion profile
2024-05-09 02:21:48 Missing or invalid motion profile
2024-05-09 02:21:49 Missing or invalid motion profile
2024-05-09 02:21:49 Missing or invalid motion profile
2024-05-09 02:21:49 Missing or invalid motion profile
2024-05-09 02:21:49 Missing or invalid motion profile
2024-05-09 02:21:49 Missing or invalid motion profile
2024-05-09 02:21:49 Missing or invalid motion profile
2024-05-09 02:21:49 Missing or invalid motion profile
2024-05-09 02:21:49 Missing or invalid motion profile
2024-05-09 02:21:49 Missing or invalid motion profile
2024-05-09 02:21:49 Missing or invalid motion profile
2024-05-09 02:21:49 Missing or invalid motion profile
2024-05-09 02:21:49 Missing or invalid motion profile
2024-05-09 02:21:50 Missing or invalid motion profile
2024-05-09 02:21:50 Missing or invalid motion profile
2024-05-09 02:21:50 Missing or invalid motion profile
2024-05-09 02:21:50 Missing or invalid motion profile
2024-05-09 02:21:50 Missing or invalid motion profile
2024-05-09 02:21:50 Missing or invalid motion profile
2024-05-09 02:22:04 Missing or invalid motion profile
2024-05-09 02:22:04 Missing or invalid motion profile
2024-05-09 02:22:04 Missing or invalid motion profile
2024-05-09 02:22:04 Missing or invalid motion profile
2024-05-09 02:22:04 Missing or invalid motion profile
2024-05-09 02:22:04 Missing or invalid motion profile
2024-05-09 02:22:04 Missing or invalid motion profile
2024-05-09 02:22:04 Missing or invalid motion profile
2024-05-09 02:22:04 Missing or invalid motion profile
2024-05-09 02:22:04 Missing or invalid motion profile
2024-05-09 02:22:04 Missing or invalid motion profile
2024-05-09 02:22:04 Missing or invalid motion profile
2024-05-09 02:22:06 Missing or invalid motion profile
2024-05-09 02:22:06 Missing or invalid motion profile
2024-05-09 02:22:06 Missing or invalid motion profile
2024-05-09 02:22:06 Missing or invalid motion profile
2024-05-09 02:22:06 Missing or invalid motion profile
2024-05-09 02:22:06 Missing or invalid motion profile
2024-05-09 02:22:15 Lade Program: Kreuz.gcodeProgramm wird ausgeführt. 
2024-05-09 02:22:15 Missing or invalid motion profile
2024-05-09 02:22:15 Missing or invalid motion profile
2024-05-09 02:22:15 Missing or invalid motion profile
2024-05-09 02:22:15 Missing or invalid motion profile
2024-05-09 02:22:15 Missing or invalid motion profile
2024-05-09 02:22:15 Missing or invalid motion profile
2024-05-09 02:22:16 Missing or invalid motion profile
2024-05-09 02:22:16 Missing or invalid motion profile
2024-05-09 02:22:16 Missing or invalid motion profile
2024-05-09 02:22:16 Missing or invalid motion profile
2024-05-09 02:22:16 Missing or invalid motion profile
2024-05-09 02:22:16 Missing or invalid motion profile
2024-05-09 02:22:17 Missing or invalid motion profile
2024-05-09 02:22:17 Missing or invalid motion profile
2024-05-09 02:22:17 Missing or invalid motion profile
2024-05-09 02:22:17 Missing or invalid motion profile
2024-05-09 02:22:17 Missing or invalid motion profile
2024-05-09 02:22:17 Missing or invalid motion profile
2024-05-09 02:22:17 Missing or invalid motion profile
2024-05-09 02:22:17 Missing or invalid motion profile
2024-05-09 02:22:17 Missing or invalid motion profile
2024-05-09 02:22:17 Missing or invalid motion profile
2024-05-09 02:22:17 Missing or invalid motion profile
2024-05-09 02:22:17 Missing or invalid motion profile
2024-05-09 02:22:18 Missing or invalid motion profile
2024-05-09 02:22:18 Missing or invalid motion profile
2024-05-09 02:22:18 Missing or invalid motion profile
2024-05-09 02:22:18 Missing or invalid motion profile
2024-05-09 02:22:18 Missing or invalid motion profile
2024-05-09 02:22:18 Missing or invalid motion profile
2024-05-09 02:24:44 nohup: ignoring input
2024-05-09 02:24:44 MotionPlaning online
2024-05-09 02:25:23 Connected
2024-05-09 02:25:51 Lade Program: Kreuz.gcodeProgramm wird ausgeführt. 
2024-05-09 02:26:07 Lade Program: Kreuz.gcodeProgramm wird ausgeführt. 
2024-05-09 02:27:00 nohup: ignoring input
2024-05-09 02:27:00 MotionPlaning online
2024-05-09 02:27:25 Connected
2024-05-09 02:27:32 Lade Program: Kreuz.gcodeProgramm wird ausgeführt. 
2024-05-09 02:28:37 Lade Program: Kreuz.gcodeProgramm wird ausgeführt. 
2024-05-09 02:29:52 Lade Program: DHBW.gcodeProgramm wird ausgeführt. 
